# JRE version: Java(TM) SE Runtime Environment (9.0+11) (build 9.0.4+11)
# Java VM: Java HotSpot(TM) 64-Bit Server VM (9.0.4+11, mixed mode, tiered, compressed oops, serial gc, linux-amd64)
Heap:
 def new generation   total 25728K, used 9255K [0x00000000e1000000, 0x00000000e2be0000, 0x00000000eb550000)
  eden space 22912K,  36% used [0x00000000e1000000, 0x00000000e18462e0, 0x00000000e2660000)
  from space 2816K,  27% used [0x00000000e2920000, 0x00000000e29e3b08, 0x00000000e2be0000)
  to   space 2816K,   0% used [0x00000000e2660000, 0x00000000e2660000, 0x00000000e2920000)
 tenured generation   total 56984K, used 48738K [0x00000000eb550000, 0x00000000eecf6000, 0x0000000100000000)
   the space 56984K,  85% used [0x00000000eb550000, 0x00000000ee4e8850, 0x00000000ee4e8a00, 0x00000000eecf6000)
 Metaspace       used 42257K, capacity 46192K, committed 46464K, reserved 1089536K
  class space    used 5217K, capacity 5893K, committed 6016K, reserved 1048576K
GC Heap History (10 events):
Event: 186.665 GC heap before
{Heap before GC invocations=567 (full 4):
 def new generation   total 25728K, used 23561K [0x00000000e1000000, 0x00000000e2be0000, 0x00000000eb550000)
  eden space 22912K, 100% used [0x00000000e1000000, 0x00000000e2660000, 0x00000000e2660000)
  from space 2816K,  23% used [0x00000000e2660000, 0x00000000e2702708, 0x00000000e2920000)
  to   space 2816K,   0% used [0x00000000e2920000, 0x00000000e2920000, 0x00000000e2be0000)
 tenured generation   total 56984K, used 48722K [0x00000000eb550000, 0x00000000eecf6000, 0x0000000100000000)
   the space 56984K,  85% used [0x00000000eb550000, 0x00000000ee4e4a90, 0x00000000ee4e4c00, 0x00000000eecf6000)
 Metaspace       used 42069K, capacity 46032K, committed 46080K, reserved 1089536K
  class space    used 5203K, capacity 5877K, committed 5888K, reserved 1048576K
}
Event: 186.668 GC heap after
{Heap after GC invocations=568 (full 4):
 def new generation   total 25728K, used 920K [0x00000000e1000000, 0x00000000e2be0000, 0x00000000eb550000)
  eden space 22912K,   0% used [0x00000000e1000000, 0x00000000e1000000, 0x00000000e2660000)
  from space 2816K,  32% used [0x00000000e2920000, 0x00000000e2a061a0, 0x00000000e2be0000)
  to   space 2816K,   0% used [0x00000000e2660000, 0x00000000e2660000, 0x00000000e2920000)
 tenured generation   total 56984K, used 48723K [0x00000000eb550000, 0x00000000eecf6000, 0x0000000100000000)
   the space 56984K,  85% used [0x00000000eb550000, 0x00000000ee4e4f88, 0x00000000ee4e5000, 0x00000000eecf6000)
 Metaspace       used 42069K, capacity 46032K, committed 46080K, reserved 1089536K
  class space    used 5203K, capacity 5877K, committed 5888K, reserved 1048576K
}
Event: 187.798 GC heap before
{Heap before GC invocations=568 (full 4):
 def new generation   total 25728K, used 23832K [0x00000000e1000000, 0x00000000e2be0000, 0x00000000eb550000)
  eden space 22912K, 100% used [0x00000000e1000000, 0x00000000e2660000, 0x00000000e2660000)
  from space 2816K,  32% used [0x00000000e2920000, 0x00000000e2a061a0, 0x00000000e2be0000)
  to   space 2816K,   0% used [0x00000000e2660000, 0x00000000e2660000, 0x00000000e2920000)
 tenured generation   total 56984K, used 48723K [0x00000000eb550000, 0x00000000eecf6000, 0x0000000100000000)
   the space 56984K,  85% used [0x00000000eb550000, 0x00000000ee4e4f88, 0x00000000ee4e5000, 0x00000000eecf6000)
 Metaspace       used 42115K, capacity 46032K, committed 46080K, reserved 1089536K
  class space    used 5206K, capacity 5877K, committed 5888K, reserved 1048576K
}
Event: 187.834 GC heap after
{Heap after GC invocations=569 (full 4):
 def new generation   total 25728K, used 589K [0x00000000e1000000, 0x00000000e2be0000, 0x00000000eb550000)
  eden space 22912K,   0% used [0x00000000e1000000, 0x00000000e1000000, 0x00000000e2660000)
  from space 2816K,  20% used [0x00000000e2660000, 0x00000000e26f36d0, 0x00000000e2920000)
  to   space 2816K,   0% used [0x00000000e2920000, 0x00000000e2920000, 0x00000000e2be0000)
 tenured generation   total 56984K, used 48730K [0x00000000eb550000, 0x00000000eecf6000, 0x0000000100000000)
   the space 56984K,  85% used [0x00000000eb550000, 0x00000000ee4e6968, 0x00000000ee4e6a00, 0x00000000eecf6000)
 Metaspace       used 42115K, capacity 46032K, committed 46080K, reserved 1089536K
  class space    used 5206K, capacity 5877K, committed 5888K, reserved 1048576K
}
Event: 188.014 GC heap before
{Heap before GC invocations=569 (full 4):
 def new generation   total 25728K, used 23501K [0x00000000e1000000, 0x00000000e2be0000, 0x00000000eb550000)
  eden space 22912K, 100% used [0x00000000e1000000, 0x00000000e2660000, 0x00000000e2660000)
  from space 2816K,  20% used [0x00000000e2660000, 0x00000000e26f36d0, 0x00000000e2920000)
  to   space 2816K,   0% used [0x00000000e2920000, 0x00000000e2920000, 0x00000000e2be0000)
 tenured generation   total 56984K, used 48730K [0x00000000eb550000, 0x00000000eecf6000, 0x0000000100000000)
   the space 56984K,  85% used [0x00000000eb550000, 0x00000000ee4e6968, 0x00000000ee4e6a00, 0x00000000eecf6000)
 Metaspace       used 42115K, capacity 46032K, committed 46080K, reserved 1089536K
  class space    used 5206K, capacity 5877K, committed 5888K, reserved 1048576K
}
Event: 188.017 GC heap after
{Heap after GC invocations=570 (full 4):
 def new generation   total 25728K, used 645K [0x00000000e1000000, 0x00000000e2be0000, 0x00000000eb550000)
  eden space 22912K,   0% used [0x00000000e1000000, 0x00000000e1000000, 0x00000000e2660000)
  from space 2816K,  22% used [0x00000000e2920000, 0x00000000e29c1748, 0x00000000e2be0000)
  to   space 2816K,   0% used [0x00000000e2660000, 0x00000000e2660000, 0x00000000e2920000)
 tenured generation   total 56984K, used 48731K [0x00000000eb550000, 0x00000000eecf6000, 0x0000000100000000)
   the space 56984K,  85% used [0x00000000eb550000, 0x00000000ee4e6c10, 0x00000000ee4e6e00, 0x00000000eecf6000)
 Metaspace       used 42115K, capacity 46032K, committed 46080K, reserved 1089536K
  class space    used 5206K, capacity 5877K, committed 5888K, reserved 1048576K
}
Event: 188.283 GC heap before
{Heap before GC invocations=570 (full 4):
 def new generation   total 25728K, used 23557K [0x00000000e1000000, 0x00000000e2be0000, 0x00000000eb550000)
  eden space 22912K, 100% used [0x00000000e1000000, 0x00000000e2660000, 0x00000000e2660000)
  from space 2816K,  22% used [0x00000000e2920000, 0x00000000e29c1748, 0x00000000e2be0000)
  to   space 2816K,   0% used [0x00000000e2660000, 0x00000000e2660000, 0x00000000e2920000)
 tenured generation   total 56984K, used 48731K [0x00000000eb550000, 0x00000000eecf6000, 0x0000000100000000)
   the space 56984K,  85% used [0x00000000eb550000, 0x00000000ee4e6c10, 0x00000000ee4e6e00, 0x00000000eecf6000)
 Metaspace       used 42115K, capacity 46032K, committed 46080K, reserved 1089536K
  class space    used 5206K, capacity 5877K, committed 5888K, reserved 1048576K
}
Event: 188.297 GC heap after
{Heap after GC invocations=571 (full 4):
 def new generation   total 25728K, used 1183K [0x00000000e1000000, 0x00000000e2be0000, 0x00000000eb550000)
  eden space 22912K,   0% used [0x00000000e1000000, 0x00000000e1000000, 0x00000000e2660000)
  from space 2816K,  42% used [0x00000000e2660000, 0x00000000e2787e98, 0x00000000e2920000)
  to   space 2816K,   0% used [0x00000000e2920000, 0x00000000e2920000, 0x00000000e2be0000)
 tenured generation   total 56984K, used 48731K [0x00000000eb550000, 0x00000000eecf6000, 0x0000000100000000)
   the space 56984K,  85% used [0x00000000eb550000, 0x00000000ee4e6fb0, 0x00000000ee4e7000, 0x00000000eecf6000)
 Metaspace       used 42115K, capacity 46032K, committed 46080K, reserved 1089536K
  class space    used 5206K, capacity 5877K, committed 5888K, reserved 1048576K
}
Event: 188.595 GC heap before
{Heap before GC invocations=571 (full 4):
 def new generation   total 25728K, used 24095K [0x00000000e1000000, 0x00000000e2be0000, 0x00000000eb550000)
  eden space 22912K, 100% used [0x00000000e1000000, 0x00000000e2660000, 0x00000000e2660000)
  from space 2816K,  42% used [0x00000000e2660000, 0x00000000e2787e98, 0x00000000e2920000)
  to   space 2816K,   0% used [0x00000000e2920000, 0x00000000e2920000, 0x00000000e2be0000)
 tenured generation   total 56984K, used 48731K [0x00000000eb550000, 0x00000000eecf6000, 0x0000000100000000)
   the space 56984K,  85% used [0x00000000eb550000, 0x00000000ee4e6fb0, 0x00000000ee4e7000, 0x00000000eecf6000)
 Metaspace       used 42115K, capacity 46032K, committed 46080K, reserved 1089536K
  class space    used 5206K, capacity 5877K, committed 5888K, reserved 1048576K
}
Event: 188.598 GC heap after
{Heap after GC invocations=572 (full 4):
 def new generation   total 25728K, used 782K [0x00000000e1000000, 0x00000000e2be0000, 0x00000000eb550000)
  eden space 22912K,   0% used [0x00000000e1000000, 0x00000000e1000000, 0x00000000e2660000)
  from space 2816K,  27% used [0x00000000e2920000, 0x00000000e29e3b08, 0x00000000e2be0000)
  to   space 2816K,   0% used [0x00000000e2660000, 0x00000000e2660000, 0x00000000e2920000)
 tenured generation   total 56984K, used 48738K [0x00000000eb550000, 0x00000000eecf6000, 0x0000000100000000)
   the space 56984K,  85% used [0x00000000eb550000, 0x00000000ee4e8850, 0x00000000ee4e8a00, 0x00000000eecf6000)
 Metaspace       used 42115K, capacity 46032K, committed 46080K, reserved 1089536K
  class space    used 5206K, capacity 5877K, committed 5888K, reserved 1048576K
}

