# JRE version: Java(TM) SE Runtime Environment (9.0+11) (build 9.0.4+11)
# Java VM: Java HotSpot(TM) 64-Bit Server VM (9.0.4+11, mixed mode, tiered, compressed oops, serial gc, linux-amd64)
Heap:
 def new generation   total 9920K, used 3843K [0x00000000e1000000, 0x00000000e1ac0000, 0x00000000eb550000)
  eden space 8832K,  33% used [0x00000000e1000000, 0x00000000e12df4e8, 0x00000000e18a0000)
  from space 1088K,  82% used [0x00000000e18a0000, 0x00000000e1981828, 0x00000000e19b0000)
  to   space 1088K,   0% used [0x00000000e19b0000, 0x00000000e19b0000, 0x00000000e1ac0000)
 tenured generation   total 21888K, used 15148K [0x00000000eb550000, 0x00000000ecab0000, 0x0000000100000000)
   the space 21888K,  69% used [0x00000000eb550000, 0x00000000ec41b378, 0x00000000ec41b400, 0x00000000ecab0000)
 Metaspace       used 31409K, capacity 33424K, committed 33536K, reserved 1079296K
  class space    used 3880K, capacity 4291K, committed 4352K, reserved 1048576K
GC Heap History (10 events):
Event: 9.168 GC heap before
{Heap before GC invocations=6 (full 0):
 def new generation   total 9792K, used 1405K [0x00000000e1000000, 0x00000000e1aa0000, 0x00000000eb550000)
  eden space 8704K,   3% used [0x00000000e1000000, 0x00000000e104f5f8, 0x00000000e1880000)
  from space 1088K, 100% used [0x00000000e1880000, 0x00000000e1990000, 0x00000000e1990000)
  to   space 1088K,   0% used [0x00000000e1990000, 0x00000000e1990000, 0x00000000e1aa0000)
 tenured generation   total 21888K, used 8900K [0x00000000eb550000, 0x00000000ecab0000, 0x0000000100000000)
   the space 21888K,  40% used [0x00000000eb550000, 0x00000000ebe012e0, 0x00000000ebe01400, 0x00000000ecab0000)
 Metaspace       used 19976K, capacity 21200K, committed 21296K, reserved 1069056K
  class space    used 2166K, capacity 2413K, committed 2432K, reserved 1048576K
}
Event: 9.205 GC heap after
{Heap after GC invocations=7 (full 1):
 def new generation   total 9920K, used 0K [0x00000000e1000000, 0x00000000e1ac0000, 0x00000000eb550000)
  eden space 8832K,   0% used [0x00000000e1000000, 0x00000000e1000000, 0x00000000e18a0000)
  from space 1088K,   0% used [0x00000000e18a0000, 0x00000000e18a0000, 0x00000000e19b0000)
  to   space 1088K,   0% used [0x00000000e19b0000, 0x00000000e19b0000, 0x00000000e1ac0000)
 tenured generation   total 21888K, used 10014K [0x00000000eb550000, 0x00000000ecab0000, 0x0000000100000000)
   the space 21888K,  45% used [0x00000000eb550000, 0x00000000ebf17858, 0x00000000ebf17a00, 0x00000000ecab0000)
 Metaspace       used 19976K, capacity 21200K, committed 21296K, reserved 1069056K
  class space    used 2166K, capacity 2413K, committed 2432K, reserved 1048576K
}
Event: 10.247 GC heap before
{Heap before GC invocations=7 (full 1):
 def new generation   total 9920K, used 8832K [0x00000000e1000000, 0x00000000e1ac0000, 0x00000000eb550000)
  eden space 8832K, 100% used [0x00000000e1000000, 0x00000000e18a0000, 0x00000000e18a0000)
  from space 1088K,   0% used [0x00000000e18a0000, 0x00000000e18a0000, 0x00000000e19b0000)
  to   space 1088K,   0% used [0x00000000e19b0000, 0x00000000e19b0000, 0x00000000e1ac0000)
 tenured generation   total 21888K, used 10014K [0x00000000eb550000, 0x00000000ecab0000, 0x0000000100000000)
   the space 21888K,  45% used [0x00000000eb550000, 0x00000000ebf17858, 0x00000000ebf17a00, 0x00000000ecab0000)
 Metaspace       used 22591K, capacity 24098K, committed 24192K, reserved 1071104K
  class space    used 2548K, capacity 2906K, committed 2944K, reserved 1048576K
}
Event: 10.251 GC heap after
{Heap after GC invocations=8 (full 1):
 def new generation   total 9920K, used 1055K [0x00000000e1000000, 0x00000000e1ac0000, 0x00000000eb550000)
  eden space 8832K,   0% used [0x00000000e1000000, 0x00000000e1000000, 0x00000000e18a0000)
  from space 1088K,  97% used [0x00000000e19b0000, 0x00000000e1ab7ff8, 0x00000000e1ac0000)
  to   space 1088K,   0% used [0x00000000e18a0000, 0x00000000e18a0000, 0x00000000e19b0000)
 tenured generation   total 21888K, used 10014K [0x00000000eb550000, 0x00000000ecab0000, 0x0000000100000000)
   the space 21888K,  45% used [0x00000000eb550000, 0x00000000ebf17858, 0x00000000ebf17a00, 0x00000000ecab0000)
 Metaspace       used 22591K, capacity 24098K, committed 24192K, reserved 1071104K
  class space    used 2548K, capacity 2906K, committed 2944K, reserved 1048576K
}
Event: 11.341 GC heap before
{Heap before GC invocations=8 (full 1):
 def new generation   total 9920K, used 9887K [0x00000000e1000000, 0x00000000e1ac0000, 0x00000000eb550000)
  eden space 8832K, 100% used [0x00000000e1000000, 0x00000000e18a0000, 0x00000000e18a0000)
  from space 1088K,  97% used [0x00000000e19b0000, 0x00000000e1ab7ff8, 0x00000000e1ac0000)
  to   space 1088K,   0% used [0x00000000e18a0000, 0x00000000e18a0000, 0x00000000e19b0000)
 tenured generation   total 21888K, used 10014K [0x00000000eb550000, 0x00000000ecab0000, 0x0000000100000000)
   the space 21888K,  45% used [0x00000000eb550000, 0x00000000ebf17858, 0x00000000ebf17a00, 0x00000000ecab0000)
 Metaspace       used 26479K, capacity 28226K, committed 28288K, reserved 1075200K
  class space    used 3055K, capacity 3435K, committed 3456K, reserved 1048576K
}
Event: 11.357 GC heap after
{Heap after GC invocations=9 (full 1):
 def new generation   total 9920K, used 1088K [0x00000000e1000000, 0x00000000e1ac0000, 0x00000000eb550000)
  eden space 8832K,   0% used [0x00000000e1000000, 0x00000000e1000000, 0x00000000e18a0000)
  from space 1088K, 100% used [0x00000000e18a0000, 0x00000000e19b0000, 0x00000000e19b0000)
  to   space 1088K,   0% used [0x00000000e19b0000, 0x00000000e19b0000, 0x00000000e1ac0000)
 tenured generation   total 21888K, used 11854K [0x00000000eb550000, 0x00000000ecab0000, 0x0000000100000000)
   the space 21888K,  54% used [0x00000000eb550000, 0x00000000ec0e3920, 0x00000000ec0e3a00, 0x00000000ecab0000)
 Metaspace       used 26479K, capacity 28226K, committed 28288K, reserved 1075200K
  class space    used 3055K, capacity 3435K, committed 3456K, reserved 1048576K
}
Event: 12.924 GC heap before
{Heap before GC invocations=9 (full 1):
 def new generation   total 9920K, used 9920K [0x00000000e1000000, 0x00000000e1ac0000, 0x00000000eb550000)
  eden space 8832K, 100% used [0x00000000e1000000, 0x00000000e18a0000, 0x00000000e18a0000)
  from space 1088K, 100% used [0x00000000e18a0000, 0x00000000e19b0000, 0x00000000e19b0000)
  to   space 1088K,   0% used [0x00000000e19b0000, 0x00000000e19b0000, 0x00000000e1ac0000)
 tenured generation   total 21888K, used 11854K [0x00000000eb550000, 0x00000000ecab0000, 0x0000000100000000)
   the space 21888K,  54% used [0x00000000eb550000, 0x00000000ec0e3920, 0x00000000ec0e3a00, 0x00000000ecab0000)
 Metaspace       used 30098K, capacity 32090K, committed 32384K, reserved 1077248K
  class space    used 3718K, capacity 4154K, committed 4224K, reserved 1048576K
}
Event: 12.937 GC heap after
{Heap after GC invocations=10 (full 1):
 def new generation   total 9920K, used 1088K [0x00000000e1000000, 0x00000000e1ac0000, 0x00000000eb550000)
  eden space 8832K,   0% used [0x00000000e1000000, 0x00000000e1000000, 0x00000000e18a0000)
  from space 1088K, 100% used [0x00000000e19b0000, 0x00000000e1ac0000, 0x00000000e1ac0000)
  to   space 1088K,   0% used [0x00000000e18a0000, 0x00000000e18a0000, 0x00000000e19b0000)
 tenured generation   total 21888K, used 14074K [0x00000000eb550000, 0x00000000ecab0000, 0x0000000100000000)
   the space 21888K,  64% used [0x00000000eb550000, 0x00000000ec30e958, 0x00000000ec30ea00, 0x00000000ecab0000)
 Metaspace       used 30098K, capacity 32090K, committed 32384K, reserved 1077248K
  class space    used 3718K, capacity 4154K, committed 4224K, reserved 1048576K
}
Event: 13.406 GC heap before
{Heap before GC invocations=10 (full 1):
 def new generation   total 9920K, used 9920K [0x00000000e1000000, 0x00000000e1ac0000, 0x00000000eb550000)
  eden space 8832K, 100% used [0x00000000e1000000, 0x00000000e18a0000, 0x00000000e18a0000)
  from space 1088K, 100% used [0x00000000e19b0000, 0x00000000e1ac0000, 0x00000000e1ac0000)
  to   space 1088K,   0% used [0x00000000e18a0000, 0x00000000e18a0000, 0x00000000e19b0000)
 tenured generation   total 21888K, used 14074K [0x00000000eb550000, 0x00000000ecab0000, 0x0000000100000000)
   the space 21888K,  64% used [0x00000000eb550000, 0x00000000ec30e958, 0x00000000ec30ea00, 0x00000000ecab0000)
 Metaspace       used 31066K, capacity 33028K, committed 33280K, reserved 1079296K
  class space    used 3855K, capacity 4289K, committed 4352K, reserved 1048576K
}
Event: 13.413 GC heap after
{Heap after GC invocations=11 (full 1):
 def new generation   total 9920K, used 902K [0x00000000e1000000, 0x00000000e1ac0000, 0x00000000eb550000)
  eden space 8832K,   0% used [0x00000000e1000000, 0x00000000e1000000, 0x00000000e18a0000)
  from space 1088K,  82% used [0x00000000e18a0000, 0x00000000e1981828, 0x00000000e19b0000)
  to   space 1088K,   0% used [0x00000000e19b0000, 0x00000000e19b0000, 0x00000000e1ac0000)
 tenured generation   total 21888K, used 15148K [0x00000000eb550000, 0x00000000ecab0000, 0x0000000100000000)
   the space 21888K,  69% used [0x00000000eb550000, 0x00000000ec41b378, 0x00000000ec41b400, 0x00000000ecab0000)
 Metaspace       used 31066K, capacity 33028K, committed 33280K, reserved 1079296K
  class space    used 3855K, capacity 4289K, committed 4352K, reserved 1048576K
}

