# JRE version: Java(TM) SE Runtime Environment (9.0+11) (build 9.0.4+11)
# Java VM: Java HotSpot(TM) 64-Bit Server VM (9.0.4+11, mixed mode, tiered, compressed oops, serial gc, linux-amd64)
Heap:
 def new generation   total 20736K, used 10409K [0x00000000e1000000, 0x00000000e2670000, 0x00000000eb550000)
  eden space 18496K,  56% used [0x00000000e1000000, 0x00000000e1a2a418, 0x00000000e2210000)
  from space 2240K,   0% used [0x00000000e2210000, 0x00000000e2210000, 0x00000000e2440000)
  to   space 2240K,   0% used [0x00000000e2440000, 0x00000000e2440000, 0x00000000e2670000)
 tenured generation   total 45896K, used 27537K [0x00000000eb550000, 0x00000000ee222000, 0x0000000100000000)
   the space 45896K,  59% used [0x00000000eb550000, 0x00000000ed034468, 0x00000000ed034600, 0x00000000ee222000)
 Metaspace       used 37699K, capacity 41448K, committed 41728K, reserved 1085440K
  class space    used 4875K, capacity 5527K, committed 5632K, reserved 1048576K
GC Heap History (10 events):
Event: 16.716 GC heap before
{Heap before GC invocations=9 (full 1):
 def new generation   total 9920K, used 9919K [0x00000000e1000000, 0x00000000e1ac0000, 0x00000000eb550000)
  eden space 8832K, 100% used [0x00000000e1000000, 0x00000000e18a0000, 0x00000000e18a0000)
  from space 1088K,  99% used [0x00000000e18a0000, 0x00000000e19afff8, 0x00000000e19b0000)
  to   space 1088K,   0% used [0x00000000e19b0000, 0x00000000e19b0000, 0x00000000e1ac0000)
 tenured generation   total 21888K, used 11910K [0x00000000eb550000, 0x00000000ecab0000, 0x0000000100000000)
   the space 21888K,  54% used [0x00000000eb550000, 0x00000000ec0f1bd8, 0x00000000ec0f1c00, 0x00000000ecab0000)
 Metaspace       used 30118K, capacity 32138K, committed 32384K, reserved 1077248K
  class space    used 3724K, capacity 4154K, committed 4224K, reserved 1048576K
}
Event: 16.727 GC heap after
{Heap after GC invocations=10 (full 1):
 def new generation   total 9920K, used 1087K [0x00000000e1000000, 0x00000000e1ac0000, 0x00000000eb550000)
  eden space 8832K,   0% used [0x00000000e1000000, 0x00000000e1000000, 0x00000000e18a0000)
  from space 1088K,  99% used [0x00000000e19b0000, 0x00000000e1abfff8, 0x00000000e1ac0000)
  to   space 1088K,   0% used [0x00000000e18a0000, 0x00000000e18a0000, 0x00000000e19b0000)
 tenured generation   total 21888K, used 14051K [0x00000000eb550000, 0x00000000ecab0000, 0x0000000100000000)
   the space 21888K,  64% used [0x00000000eb550000, 0x00000000ec308ec8, 0x00000000ec309000, 0x00000000ecab0000)
 Metaspace       used 30118K, capacity 32138K, committed 32384K, reserved 1077248K
  class space    used 3724K, capacity 4154K, committed 4224K, reserved 1048576K
}
Event: 17.192 GC heap before
{Heap before GC invocations=10 (full 1):
 def new generation   total 9920K, used 9919K [0x00000000e1000000, 0x00000000e1ac0000, 0x00000000eb550000)
  eden space 8832K, 100% used [0x00000000e1000000, 0x00000000e18a0000, 0x00000000e18a0000)
  from space 1088K,  99% used [0x00000000e19b0000, 0x00000000e1abfff8, 0x00000000e1ac0000)
  to   space 1088K,   0% used [0x00000000e18a0000, 0x00000000e18a0000, 0x00000000e19b0000)
 tenured generation   total 21888K, used 14051K [0x00000000eb550000, 0x00000000ecab0000, 0x0000000100000000)
   the space 21888K,  64% used [0x00000000eb550000, 0x00000000ec308ec8, 0x00000000ec309000, 0x00000000ecab0000)
 Metaspace       used 31096K, capacity 33140K, committed 33280K, reserved 1079296K
  class space    used 3865K, capacity 4289K, committed 4352K, reserved 1048576K
}
Event: 17.207 GC heap after
{Heap after GC invocations=11 (full 1):
 def new generation   total 9920K, used 888K [0x00000000e1000000, 0x00000000e1ac0000, 0x00000000eb550000)
  eden space 8832K,   0% used [0x00000000e1000000, 0x00000000e1000000, 0x00000000e18a0000)
  from space 1088K,  81% used [0x00000000e18a0000, 0x00000000e197e058, 0x00000000e19b0000)
  to   space 1088K,   0% used [0x00000000e19b0000, 0x00000000e19b0000, 0x00000000e1ac0000)
 tenured generation   total 21888K, used 15121K [0x00000000eb550000, 0x00000000ecab0000, 0x0000000100000000)
   the space 21888K,  69% used [0x00000000eb550000, 0x00000000ec414788, 0x00000000ec414800, 0x00000000ecab0000)
 Metaspace       used 31096K, capacity 33140K, committed 33280K, reserved 1079296K
  class space    used 3865K, capacity 4289K, committed 4352K, reserved 1048576K
}
Event: 18.080 GC heap before
{Heap before GC invocations=11 (full 1):
 def new generation   total 9920K, used 5271K [0x00000000e1000000, 0x00000000e1ac0000, 0x00000000eb550000)
  eden space 8832K,  49% used [0x00000000e1000000, 0x00000000e1447ec0, 0x00000000e18a0000)
  from space 1088K,  81% used [0x00000000e18a0000, 0x00000000e197e058, 0x00000000e19b0000)
  to   space 1088K,   0% used [0x00000000e19b0000, 0x00000000e19b0000, 0x00000000e1ac0000)
 tenured generation   total 21888K, used 15121K [0x00000000eb550000, 0x00000000ecab0000, 0x0000000100000000)
   the space 21888K,  69% used [0x00000000eb550000, 0x00000000ec414788, 0x00000000ec414800, 0x00000000ecab0000)
 Metaspace       used 32941K, capacity 35302K, committed 35456K, reserved 1079296K
  class space    used 4163K, capacity 4626K, committed 4736K, reserved 1048576K
}
Event: 18.184 GC heap after
{Heap after GC invocations=12 (full 2):
 def new generation   total 11904K, used 0K [0x00000000e1000000, 0x00000000e1ce0000, 0x00000000eb550000)
  eden space 10624K,   0% used [0x00000000e1000000, 0x00000000e1000000, 0x00000000e1a60000)
  from space 1280K,   0% used [0x00000000e1a60000, 0x00000000e1a60000, 0x00000000e1ba0000)
  to   space 1280K,   0% used [0x00000000e1ba0000, 0x00000000e1ba0000, 0x00000000e1ce0000)
 tenured generation   total 26276K, used 15765K [0x00000000eb550000, 0x00000000ecef9000, 0x0000000100000000)
   the space 26276K,  59% used [0x00000000eb550000, 0x00000000ec4b5470, 0x00000000ec4b5600, 0x00000000ecef9000)
 Metaspace       used 32941K, capacity 35302K, committed 35456K, reserved 1079296K
  class space    used 4163K, capacity 4626K, committed 4736K, reserved 1048576K
}
Event: 20.920 GC heap before
{Heap before GC invocations=12 (full 2):
 def new generation   total 11904K, used 9634K [0x00000000e1000000, 0x00000000e1ce0000, 0x00000000eb550000)
  eden space 10624K,  90% used [0x00000000e1000000, 0x00000000e19689f8, 0x00000000e1a60000)
  from space 1280K,   0% used [0x00000000e1a60000, 0x00000000e1a60000, 0x00000000e1ba0000)
  to   space 1280K,   0% used [0x00000000e1ba0000, 0x00000000e1ba0000, 0x00000000e1ce0000)
 tenured generation   total 26276K, used 15765K [0x00000000eb550000, 0x00000000ecef9000, 0x0000000100000000)
   the space 26276K,  59% used [0x00000000eb550000, 0x00000000ec4b5470, 0x00000000ec4b5600, 0x00000000ecef9000)
 Metaspace       used 36346K, capacity 40022K, committed 40320K, reserved 1083392K
  class space    used 4772K, capacity 5410K, committed 5504K, reserved 1048576K
}
Event: 20.956 GC heap after
{Heap after GC invocations=13 (full 2):
 def new generation   total 11904K, used 1280K [0x00000000e1000000, 0x00000000e1ce0000, 0x00000000eb550000)
  eden space 10624K,   0% used [0x00000000e1000000, 0x00000000e1000000, 0x00000000e1a60000)
  from space 1280K, 100% used [0x00000000e1ba0000, 0x00000000e1ce0000, 0x00000000e1ce0000)
  to   space 1280K,   0% used [0x00000000e1a60000, 0x00000000e1a60000, 0x00000000e1ba0000)
 tenured generation   total 26276K, used 16669K [0x00000000eb550000, 0x00000000ecef9000, 0x0000000100000000)
   the space 26276K,  63% used [0x00000000eb550000, 0x00000000ec597740, 0x00000000ec597800, 0x00000000ecef9000)
 Metaspace       used 36346K, capacity 40022K, committed 40320K, reserved 1083392K
  class space    used 4772K, capacity 5410K, committed 5504K, reserved 1048576K
}
Event: 21.166 GC heap before
{Heap before GC invocations=13 (full 2):
 def new generation   total 11904K, used 11614K [0x00000000e1000000, 0x00000000e1ce0000, 0x00000000eb550000)
  eden space 10624K,  97% used [0x00000000e1000000, 0x00000000e1a178c8, 0x00000000e1a60000)
  from space 1280K, 100% used [0x00000000e1ba0000, 0x00000000e1ce0000, 0x00000000e1ce0000)
  to   space 1280K,   0% used [0x00000000e1a60000, 0x00000000e1a60000, 0x00000000e1ba0000)
 tenured generation   total 26276K, used 16669K [0x00000000eb550000, 0x00000000ecef9000, 0x0000000100000000)
   the space 26276K,  63% used [0x00000000eb550000, 0x00000000ec597740, 0x00000000ec597800, 0x00000000ecef9000)
 Metaspace       used 36764K, capacity 40452K, committed 40576K, reserved 1085440K
  class space    used 4819K, capacity 5447K, committed 5504K, reserved 1048576K
}
Event: 21.269 GC heap after
{Heap after GC invocations=14 (full 3):
 def new generation   total 20736K, used 0K [0x00000000e1000000, 0x00000000e2670000, 0x00000000eb550000)
  eden space 18496K,   0% used [0x00000000e1000000, 0x00000000e1000000, 0x00000000e2210000)
  from space 2240K,   0% used [0x00000000e2210000, 0x00000000e2210000, 0x00000000e2440000)
  to   space 2240K,   0% used [0x00000000e2440000, 0x00000000e2440000, 0x00000000e2670000)
 tenured generation   total 45896K, used 27537K [0x00000000eb550000, 0x00000000ee222000, 0x0000000100000000)
   the space 45896K,  59% used [0x00000000eb550000, 0x00000000ed034468, 0x00000000ed034600, 0x00000000ee222000)
 Metaspace       used 36764K, capacity 40452K, committed 40576K, reserved 1085440K
  class space    used 4819K, capacity 5447K, committed 5504K, reserved 1048576K
}

