# JRE version: Java(TM) SE Runtime Environment (9.0+11) (build 9.0.4+11)
# Java VM: Java HotSpot(TM) 64-Bit Server VM (9.0.4+11, mixed mode, tiered, compressed oops, serial gc, linux-amd64)
Heap:
 def new generation   total 20736K, used 13490K [0x00000000e1000000, 0x00000000e2670000, 0x00000000eb550000)
  eden space 18496K,  72% used [0x00000000e1000000, 0x00000000e1d2c878, 0x00000000e2210000)
  from space 2240K,   0% used [0x00000000e2210000, 0x00000000e2210000, 0x00000000e2440000)
  to   space 2240K,   0% used [0x00000000e2440000, 0x00000000e2440000, 0x00000000e2670000)
 tenured generation   total 45884K, used 27530K [0x00000000eb550000, 0x00000000ee21f000, 0x0000000100000000)
   the space 45884K,  59% used [0x00000000eb550000, 0x00000000ed032900, 0x00000000ed032a00, 0x00000000ee21f000)
 Metaspace       used 38472K, capacity 42300K, committed 42496K, reserved 1085440K
  class space    used 4890K, capacity 5551K, committed 5632K, reserved 1048576K
GC Heap History (10 events):
Event: 16.546 GC heap before
{Heap before GC invocations=9 (full 1):
 def new generation   total 9920K, used 9920K [0x00000000e1000000, 0x00000000e1ac0000, 0x00000000eb550000)
  eden space 8832K, 100% used [0x00000000e1000000, 0x00000000e18a0000, 0x00000000e18a0000)
  from space 1088K, 100% used [0x00000000e18a0000, 0x00000000e19b0000, 0x00000000e19b0000)
  to   space 1088K,   0% used [0x00000000e19b0000, 0x00000000e19b0000, 0x00000000e1ac0000)
 tenured generation   total 21888K, used 11834K [0x00000000eb550000, 0x00000000ecab0000, 0x0000000100000000)
   the space 21888K,  54% used [0x00000000eb550000, 0x00000000ec0deaf0, 0x00000000ec0dec00, 0x00000000ecab0000)
 Metaspace       used 30136K, capacity 32090K, committed 32384K, reserved 1077248K
  class space    used 3720K, capacity 4154K, committed 4224K, reserved 1048576K
}
Event: 16.575 GC heap after
{Heap after GC invocations=10 (full 1):
 def new generation   total 9920K, used 1087K [0x00000000e1000000, 0x00000000e1ac0000, 0x00000000eb550000)
  eden space 8832K,   0% used [0x00000000e1000000, 0x00000000e1000000, 0x00000000e18a0000)
  from space 1088K,  99% used [0x00000000e19b0000, 0x00000000e1abfff8, 0x00000000e1ac0000)
  to   space 1088K,   0% used [0x00000000e18a0000, 0x00000000e18a0000, 0x00000000e19b0000)
 tenured generation   total 21888K, used 14056K [0x00000000eb550000, 0x00000000ecab0000, 0x0000000100000000)
   the space 21888K,  64% used [0x00000000eb550000, 0x00000000ec30a0c8, 0x00000000ec30a200, 0x00000000ecab0000)
 Metaspace       used 30136K, capacity 32090K, committed 32384K, reserved 1077248K
  class space    used 3720K, capacity 4154K, committed 4224K, reserved 1048576K
}
Event: 16.993 GC heap before
{Heap before GC invocations=10 (full 1):
 def new generation   total 9920K, used 9919K [0x00000000e1000000, 0x00000000e1ac0000, 0x00000000eb550000)
  eden space 8832K, 100% used [0x00000000e1000000, 0x00000000e18a0000, 0x00000000e18a0000)
  from space 1088K,  99% used [0x00000000e19b0000, 0x00000000e1abfff8, 0x00000000e1ac0000)
  to   space 1088K,   0% used [0x00000000e18a0000, 0x00000000e18a0000, 0x00000000e19b0000)
 tenured generation   total 21888K, used 14056K [0x00000000eb550000, 0x00000000ecab0000, 0x0000000100000000)
   the space 21888K,  64% used [0x00000000eb550000, 0x00000000ec30a0c8, 0x00000000ec30a200, 0x00000000ecab0000)
 Metaspace       used 31102K, capacity 33092K, committed 33280K, reserved 1079296K
  class space    used 3858K, capacity 4289K, committed 4352K, reserved 1048576K
}
Event: 17.011 GC heap after
{Heap after GC invocations=11 (full 1):
 def new generation   total 9920K, used 901K [0x00000000e1000000, 0x00000000e1ac0000, 0x00000000eb550000)
  eden space 8832K,   0% used [0x00000000e1000000, 0x00000000e1000000, 0x00000000e18a0000)
  from space 1088K,  82% used [0x00000000e18a0000, 0x00000000e1981770, 0x00000000e19b0000)
  to   space 1088K,   0% used [0x00000000e19b0000, 0x00000000e19b0000, 0x00000000e1ac0000)
 tenured generation   total 21888K, used 15130K [0x00000000eb550000, 0x00000000ecab0000, 0x0000000100000000)
   the space 21888K,  69% used [0x00000000eb550000, 0x00000000ec4168c0, 0x00000000ec416a00, 0x00000000ecab0000)
 Metaspace       used 31102K, capacity 33092K, committed 33280K, reserved 1079296K
  class space    used 3858K, capacity 4289K, committed 4352K, reserved 1048576K
}
Event: 44.672 GC heap before
{Heap before GC invocations=11 (full 1):
 def new generation   total 9920K, used 5416K [0x00000000e1000000, 0x00000000e1ac0000, 0x00000000eb550000)
  eden space 8832K,  51% used [0x00000000e1000000, 0x00000000e1468b28, 0x00000000e18a0000)
  from space 1088K,  82% used [0x00000000e18a0000, 0x00000000e1981770, 0x00000000e19b0000)
  to   space 1088K,   0% used [0x00000000e19b0000, 0x00000000e19b0000, 0x00000000e1ac0000)
 tenured generation   total 21888K, used 15130K [0x00000000eb550000, 0x00000000ecab0000, 0x0000000100000000)
   the space 21888K,  69% used [0x00000000eb550000, 0x00000000ec4168c0, 0x00000000ec416a00, 0x00000000ecab0000)
 Metaspace       used 32966K, capacity 35318K, committed 35456K, reserved 1079296K
  class space    used 4167K, capacity 4626K, committed 4736K, reserved 1048576K
}
Event: 44.764 GC heap after
{Heap after GC invocations=12 (full 2):
 def new generation   total 11904K, used 0K [0x00000000e1000000, 0x00000000e1ce0000, 0x00000000eb550000)
  eden space 10624K,   0% used [0x00000000e1000000, 0x00000000e1000000, 0x00000000e1a60000)
  from space 1280K,   0% used [0x00000000e1a60000, 0x00000000e1a60000, 0x00000000e1ba0000)
  to   space 1280K,   0% used [0x00000000e1ba0000, 0x00000000e1ba0000, 0x00000000e1ce0000)
 tenured generation   total 26328K, used 15796K [0x00000000eb550000, 0x00000000ecf06000, 0x0000000100000000)
   the space 26328K,  59% used [0x00000000eb550000, 0x00000000ec4bd0e8, 0x00000000ec4bd200, 0x00000000ecf06000)
 Metaspace       used 32966K, capacity 35318K, committed 35456K, reserved 1079296K
  class space    used 4167K, capacity 4626K, committed 4736K, reserved 1048576K
}
Event: 48.911 GC heap before
{Heap before GC invocations=12 (full 2):
 def new generation   total 11904K, used 9768K [0x00000000e1000000, 0x00000000e1ce0000, 0x00000000eb550000)
  eden space 10624K,  91% used [0x00000000e1000000, 0x00000000e198a3e8, 0x00000000e1a60000)
  from space 1280K,   0% used [0x00000000e1a60000, 0x00000000e1a60000, 0x00000000e1ba0000)
  to   space 1280K,   0% used [0x00000000e1ba0000, 0x00000000e1ba0000, 0x00000000e1ce0000)
 tenured generation   total 26328K, used 15796K [0x00000000eb550000, 0x00000000ecf06000, 0x0000000100000000)
   the space 26328K,  59% used [0x00000000eb550000, 0x00000000ec4bd0e8, 0x00000000ec4bd200, 0x00000000ecf06000)
 Metaspace       used 36377K, capacity 40158K, committed 40320K, reserved 1083392K
  class space    used 4770K, capacity 5406K, committed 5504K, reserved 1048576K
}
Event: 48.941 GC heap after
{Heap after GC invocations=13 (full 2):
 def new generation   total 11904K, used 1279K [0x00000000e1000000, 0x00000000e1ce0000, 0x00000000eb550000)
  eden space 10624K,   0% used [0x00000000e1000000, 0x00000000e1000000, 0x00000000e1a60000)
  from space 1280K,  99% used [0x00000000e1ba0000, 0x00000000e1cdfff8, 0x00000000e1ce0000)
  to   space 1280K,   0% used [0x00000000e1a60000, 0x00000000e1a60000, 0x00000000e1ba0000)
 tenured generation   total 26328K, used 16690K [0x00000000eb550000, 0x00000000ecf06000, 0x0000000100000000)
   the space 26328K,  63% used [0x00000000eb550000, 0x00000000ec59cb38, 0x00000000ec59cc00, 0x00000000ecf06000)
 Metaspace       used 36377K, capacity 40158K, committed 40320K, reserved 1083392K
  class space    used 4770K, capacity 5406K, committed 5504K, reserved 1048576K
}
Event: 49.150 GC heap before
{Heap before GC invocations=13 (full 2):
 def new generation   total 11904K, used 11819K [0x00000000e1000000, 0x00000000e1ce0000, 0x00000000eb550000)
  eden space 10624K,  99% used [0x00000000e1000000, 0x00000000e1a4adf8, 0x00000000e1a60000)
  from space 1280K,  99% used [0x00000000e1ba0000, 0x00000000e1cdfff8, 0x00000000e1ce0000)
  to   space 1280K,   0% used [0x00000000e1a60000, 0x00000000e1a60000, 0x00000000e1ba0000)
 tenured generation   total 26328K, used 16690K [0x00000000eb550000, 0x00000000ecf06000, 0x0000000100000000)
   the space 26328K,  63% used [0x00000000eb550000, 0x00000000ec59cb38, 0x00000000ec59cc00, 0x00000000ecf06000)
 Metaspace       used 36807K, capacity 40536K, committed 40832K, reserved 1085440K
  class space    used 4819K, capacity 5447K, committed 5504K, reserved 1048576K
}
Event: 49.306 GC heap after
{Heap after GC invocations=14 (full 3):
 def new generation   total 20736K, used 0K [0x00000000e1000000, 0x00000000e2670000, 0x00000000eb550000)
  eden space 18496K,   0% used [0x00000000e1000000, 0x00000000e1000000, 0x00000000e2210000)
  from space 2240K,   0% used [0x00000000e2210000, 0x00000000e2210000, 0x00000000e2440000)
  to   space 2240K,   0% used [0x00000000e2440000, 0x00000000e2440000, 0x00000000e2670000)
 tenured generation   total 45884K, used 27530K [0x00000000eb550000, 0x00000000ee21f000, 0x0000000100000000)
   the space 45884K,  59% used [0x00000000eb550000, 0x00000000ed032900, 0x00000000ed032a00, 0x00000000ee21f000)
 Metaspace       used 36807K, capacity 40536K, committed 40832K, reserved 1085440K
  class space    used 4819K, capacity 5447K, committed 5504K, reserved 1048576K
}

