# JRE version: Java(TM) SE Runtime Environment (9.0+11) (build 9.0.4+11)
# Java VM: Java HotSpot(TM) 64-Bit Server VM (9.0.4+11, mixed mode, tiered, compressed oops, serial gc, linux-amd64)
Heap:
 def new generation   total 12160K, used 8763K [0x00000000e1000000, 0x00000000e1d30000, 0x00000000eb550000)
  eden space 10816K,  81% used [0x00000000e1000000, 0x00000000e188ef50, 0x00000000e1a90000)
  from space 1344K,   0% used [0x00000000e1a90000, 0x00000000e1a90000, 0x00000000e1be0000)
  to   space 1344K,   0% used [0x00000000e1be0000, 0x00000000e1be0000, 0x00000000e1d30000)
 tenured generation   total 26856K, used 16113K [0x00000000eb550000, 0x00000000ecf8a000, 0x0000000100000000)
   the space 26856K,  59% used [0x00000000eb550000, 0x00000000ec50c400, 0x00000000ec50c400, 0x00000000ecf8a000)
 Metaspace       used 34807K, capacity 38461K, committed 38656K, reserved 1083392K
  class space    used 4726K, capacity 5358K, committed 5376K, reserved 1048576K
GC Heap History (10 events):
Event: 209.569 GC heap before
{Heap before GC invocations=7 (full 1):
 def new generation   total 9920K, used 8825K [0x00000000e1000000, 0x00000000e1ac0000, 0x00000000eb550000)
  eden space 8832K,  99% used [0x00000000e1000000, 0x00000000e189e720, 0x00000000e18a0000)
  from space 1088K,   0% used [0x00000000e18a0000, 0x00000000e18a0000, 0x00000000e19b0000)
  to   space 1088K,   0% used [0x00000000e19b0000, 0x00000000e19b0000, 0x00000000e1ac0000)
 tenured generation   total 21888K, used 10053K [0x00000000eb550000, 0x00000000ecab0000, 0x0000000100000000)
   the space 21888K,  45% used [0x00000000eb550000, 0x00000000ebf216a8, 0x00000000ebf21800, 0x00000000ecab0000)
 Metaspace       used 22247K, capacity 23703K, committed 23936K, reserved 1071104K
  class space    used 2553K, capacity 2907K, committed 2944K, reserved 1048576K
}
Event: 209.573 GC heap after
{Heap after GC invocations=8 (full 1):
 def new generation   total 9920K, used 1055K [0x00000000e1000000, 0x00000000e1ac0000, 0x00000000eb550000)
  eden space 8832K,   0% used [0x00000000e1000000, 0x00000000e1000000, 0x00000000e18a0000)
  from space 1088K,  97% used [0x00000000e19b0000, 0x00000000e1ab7f10, 0x00000000e1ac0000)
  to   space 1088K,   0% used [0x00000000e18a0000, 0x00000000e18a0000, 0x00000000e19b0000)
 tenured generation   total 21888K, used 10053K [0x00000000eb550000, 0x00000000ecab0000, 0x0000000100000000)
   the space 21888K,  45% used [0x00000000eb550000, 0x00000000ebf216a8, 0x00000000ebf21800, 0x00000000ecab0000)
 Metaspace       used 22247K, capacity 23703K, committed 23936K, reserved 1071104K
  class space    used 2553K, capacity 2907K, committed 2944K, reserved 1048576K
}
Event: 219.013 GC heap before
{Heap before GC invocations=8 (full 1):
 def new generation   total 9920K, used 9887K [0x00000000e1000000, 0x00000000e1ac0000, 0x00000000eb550000)
  eden space 8832K, 100% used [0x00000000e1000000, 0x00000000e18a0000, 0x00000000e18a0000)
  from space 1088K,  97% used [0x00000000e19b0000, 0x00000000e1ab7f10, 0x00000000e1ac0000)
  to   space 1088K,   0% used [0x00000000e18a0000, 0x00000000e18a0000, 0x00000000e19b0000)
 tenured generation   total 21888K, used 10053K [0x00000000eb550000, 0x00000000ecab0000, 0x0000000100000000)
   the space 21888K,  45% used [0x00000000eb550000, 0x00000000ebf216a8, 0x00000000ebf21800, 0x00000000ecab0000)
 Metaspace       used 26151K, capacity 27929K, committed 28160K, reserved 1073152K
  class space    used 3080K, capacity 3469K, committed 3584K, reserved 1048576K
}
Event: 219.025 GC heap after
{Heap after GC invocations=9 (full 1):
 def new generation   total 9920K, used 1087K [0x00000000e1000000, 0x00000000e1ac0000, 0x00000000eb550000)
  eden space 8832K,   0% used [0x00000000e1000000, 0x00000000e1000000, 0x00000000e18a0000)
  from space 1088K,  99% used [0x00000000e18a0000, 0x00000000e19afff8, 0x00000000e19b0000)
  to   space 1088K,   0% used [0x00000000e19b0000, 0x00000000e19b0000, 0x00000000e1ac0000)
 tenured generation   total 21888K, used 11704K [0x00000000eb550000, 0x00000000ecab0000, 0x0000000100000000)
   the space 21888K,  53% used [0x00000000eb550000, 0x00000000ec0be298, 0x00000000ec0be400, 0x00000000ecab0000)
 Metaspace       used 26151K, capacity 27929K, committed 28160K, reserved 1073152K
  class space    used 3080K, capacity 3469K, committed 3584K, reserved 1048576K
}
Event: 235.344 GC heap before
{Heap before GC invocations=9 (full 1):
 def new generation   total 9920K, used 9919K [0x00000000e1000000, 0x00000000e1ac0000, 0x00000000eb550000)
  eden space 8832K, 100% used [0x00000000e1000000, 0x00000000e18a0000, 0x00000000e18a0000)
  from space 1088K,  99% used [0x00000000e18a0000, 0x00000000e19afff8, 0x00000000e19b0000)
  to   space 1088K,   0% used [0x00000000e19b0000, 0x00000000e19b0000, 0x00000000e1ac0000)
 tenured generation   total 21888K, used 11704K [0x00000000eb550000, 0x00000000ecab0000, 0x0000000100000000)
   the space 21888K,  53% used [0x00000000eb550000, 0x00000000ec0be298, 0x00000000ec0be400, 0x00000000ecab0000)
 Metaspace       used 29440K, capacity 31427K, committed 31616K, reserved 1077248K
  class space    used 3723K, capacity 4155K, committed 4224K, reserved 1048576K
}
Event: 235.369 GC heap after
{Heap after GC invocations=10 (full 1):
 def new generation   total 9920K, used 1088K [0x00000000e1000000, 0x00000000e1ac0000, 0x00000000eb550000)
  eden space 8832K,   0% used [0x00000000e1000000, 0x00000000e1000000, 0x00000000e18a0000)
  from space 1088K, 100% used [0x00000000e19b0000, 0x00000000e1ac0000, 0x00000000e1ac0000)
  to   space 1088K,   0% used [0x00000000e18a0000, 0x00000000e18a0000, 0x00000000e19b0000)
 tenured generation   total 21888K, used 14067K [0x00000000eb550000, 0x00000000ecab0000, 0x0000000100000000)
   the space 21888K,  64% used [0x00000000eb550000, 0x00000000ec30ce00, 0x00000000ec30ce00, 0x00000000ecab0000)
 Metaspace       used 29440K, capacity 31427K, committed 31616K, reserved 1077248K
  class space    used 3723K, capacity 4155K, committed 4224K, reserved 1048576K
}
Event: 239.153 GC heap before
{Heap before GC invocations=10 (full 1):
 def new generation   total 9920K, used 9920K [0x00000000e1000000, 0x00000000e1ac0000, 0x00000000eb550000)
  eden space 8832K, 100% used [0x00000000e1000000, 0x00000000e18a0000, 0x00000000e18a0000)
  from space 1088K, 100% used [0x00000000e19b0000, 0x00000000e1ac0000, 0x00000000e1ac0000)
  to   space 1088K,   0% used [0x00000000e18a0000, 0x00000000e18a0000, 0x00000000e19b0000)
 tenured generation   total 21888K, used 14067K [0x00000000eb550000, 0x00000000ecab0000, 0x0000000100000000)
   the space 21888K,  64% used [0x00000000eb550000, 0x00000000ec30ce00, 0x00000000ec30ce00, 0x00000000ecab0000)
 Metaspace       used 30442K, capacity 32429K, committed 32512K, reserved 1077248K
  class space    used 3863K, capacity 4290K, committed 4352K, reserved 1048576K
}
Event: 239.161 GC heap after
{Heap after GC invocations=11 (full 1):
 def new generation   total 9920K, used 930K [0x00000000e1000000, 0x00000000e1ac0000, 0x00000000eb550000)
  eden space 8832K,   0% used [0x00000000e1000000, 0x00000000e1000000, 0x00000000e18a0000)
  from space 1088K,  85% used [0x00000000e18a0000, 0x00000000e1988810, 0x00000000e19b0000)
  to   space 1088K,   0% used [0x00000000e19b0000, 0x00000000e19b0000, 0x00000000e1ac0000)
 tenured generation   total 21888K, used 15140K [0x00000000eb550000, 0x00000000ecab0000, 0x0000000100000000)
   the space 21888K,  69% used [0x00000000eb550000, 0x00000000ec419398, 0x00000000ec419400, 0x00000000ecab0000)
 Metaspace       used 30442K, capacity 32429K, committed 32512K, reserved 1077248K
  class space    used 3863K, capacity 4290K, committed 4352K, reserved 1048576K
}
Event: 348.267 GC heap before
{Heap before GC invocations=11 (full 1):
 def new generation   total 9920K, used 6864K [0x00000000e1000000, 0x00000000e1ac0000, 0x00000000eb550000)
  eden space 8832K,  67% used [0x00000000e1000000, 0x00000000e15cbb58, 0x00000000e18a0000)
  from space 1088K,  85% used [0x00000000e18a0000, 0x00000000e1988810, 0x00000000e19b0000)
  to   space 1088K,   0% used [0x00000000e19b0000, 0x00000000e19b0000, 0x00000000e1ac0000)
 tenured generation   total 21888K, used 15140K [0x00000000eb550000, 0x00000000ecab0000, 0x0000000100000000)
   the space 21888K,  69% used [0x00000000eb550000, 0x00000000ec419398, 0x00000000ec419400, 0x00000000ecab0000)
 Metaspace       used 32894K, capacity 35475K, committed 35496K, reserved 1079296K
  class space    used 4342K, capacity 4845K, committed 4864K, reserved 1048576K
}
Event: 348.308 GC heap after
{Heap after GC invocations=12 (full 2):
 def new generation   total 12160K, used 0K [0x00000000e1000000, 0x00000000e1d30000, 0x00000000eb550000)
  eden space 10816K,   0% used [0x00000000e1000000, 0x00000000e1000000, 0x00000000e1a90000)
  from space 1344K,   0% used [0x00000000e1a90000, 0x00000000e1a90000, 0x00000000e1be0000)
  to   space 1344K,   0% used [0x00000000e1be0000, 0x00000000e1be0000, 0x00000000e1d30000)
 tenured generation   total 26856K, used 16113K [0x00000000eb550000, 0x00000000ecf8a000, 0x0000000100000000)
   the space 26856K,  59% used [0x00000000eb550000, 0x00000000ec50c400, 0x00000000ec50c400, 0x00000000ecf8a000)
 Metaspace       used 32894K, capacity 35475K, committed 35496K, reserved 1079296K
  class space    used 4342K, capacity 4845K, committed 4864K, reserved 1048576K
}

