# JRE version: Java(TM) SE Runtime Environment (9.0+11) (build 9.0.4+11)
# Java VM: Java HotSpot(TM) 64-Bit Server VM (9.0.4+11, mixed mode, tiered, compressed oops, serial gc, linux-amd64)
Heap:
 def new generation   total 20736K, used 7610K [0x00000000e1000000, 0x00000000e2670000, 0x00000000eb550000)
  eden space 18496K,  41% used [0x00000000e1000000, 0x00000000e176e850, 0x00000000e2210000)
  from space 2240K,   0% used [0x00000000e2210000, 0x00000000e2210000, 0x00000000e2440000)
  to   space 2240K,   0% used [0x00000000e2440000, 0x00000000e2440000, 0x00000000e2670000)
 tenured generation   total 45876K, used 27524K [0x00000000eb550000, 0x00000000ee21d000, 0x0000000100000000)
   the space 45876K,  59% used [0x00000000eb550000, 0x00000000ed031118, 0x00000000ed031200, 0x00000000ee21d000)
 Metaspace       used 37451K, capacity 41174K, committed 41472K, reserved 1085440K
  class space    used 4867K, capacity 5522K, committed 5632K, reserved 1048576K
GC Heap History (10 events):
Event: 12.577 GC heap before
{Heap before GC invocations=9 (full 1):
 def new generation   total 9920K, used 9920K [0x00000000e1000000, 0x00000000e1ac0000, 0x00000000eb550000)
  eden space 8832K, 100% used [0x00000000e1000000, 0x00000000e18a0000, 0x00000000e18a0000)
  from space 1088K, 100% used [0x00000000e18a0000, 0x00000000e19b0000, 0x00000000e19b0000)
  to   space 1088K,   0% used [0x00000000e19b0000, 0x00000000e19b0000, 0x00000000e1ac0000)
 tenured generation   total 21888K, used 11831K [0x00000000eb550000, 0x00000000ecab0000, 0x0000000100000000)
   the space 21888K,  54% used [0x00000000eb550000, 0x00000000ec0ddfa0, 0x00000000ec0de000, 0x00000000ecab0000)
 Metaspace       used 30120K, capacity 32090K, committed 32384K, reserved 1077248K
  class space    used 3711K, capacity 4154K, committed 4224K, reserved 1048576K
}
Event: 12.589 GC heap after
{Heap after GC invocations=10 (full 1):
 def new generation   total 9920K, used 1088K [0x00000000e1000000, 0x00000000e1ac0000, 0x00000000eb550000)
  eden space 8832K,   0% used [0x00000000e1000000, 0x00000000e1000000, 0x00000000e18a0000)
  from space 1088K, 100% used [0x00000000e19b0000, 0x00000000e1ac0000, 0x00000000e1ac0000)
  to   space 1088K,   0% used [0x00000000e18a0000, 0x00000000e18a0000, 0x00000000e19b0000)
 tenured generation   total 21888K, used 14058K [0x00000000eb550000, 0x00000000ecab0000, 0x0000000100000000)
   the space 21888K,  64% used [0x00000000eb550000, 0x00000000ec30a900, 0x00000000ec30aa00, 0x00000000ecab0000)
 Metaspace       used 30120K, capacity 32090K, committed 32384K, reserved 1077248K
  class space    used 3711K, capacity 4154K, committed 4224K, reserved 1048576K
}
Event: 12.999 GC heap before
{Heap before GC invocations=10 (full 1):
 def new generation   total 9920K, used 9920K [0x00000000e1000000, 0x00000000e1ac0000, 0x00000000eb550000)
  eden space 8832K, 100% used [0x00000000e1000000, 0x00000000e18a0000, 0x00000000e18a0000)
  from space 1088K, 100% used [0x00000000e19b0000, 0x00000000e1ac0000, 0x00000000e1ac0000)
  to   space 1088K,   0% used [0x00000000e18a0000, 0x00000000e18a0000, 0x00000000e19b0000)
 tenured generation   total 21888K, used 14058K [0x00000000eb550000, 0x00000000ecab0000, 0x0000000100000000)
   the space 21888K,  64% used [0x00000000eb550000, 0x00000000ec30a900, 0x00000000ec30aa00, 0x00000000ecab0000)
 Metaspace       used 31090K, capacity 33092K, committed 33280K, reserved 1079296K
  class space    used 3849K, capacity 4289K, committed 4352K, reserved 1048576K
}
Event: 13.012 GC heap after
{Heap after GC invocations=11 (full 1):
 def new generation   total 9920K, used 901K [0x00000000e1000000, 0x00000000e1ac0000, 0x00000000eb550000)
  eden space 8832K,   0% used [0x00000000e1000000, 0x00000000e1000000, 0x00000000e18a0000)
  from space 1088K,  82% used [0x00000000e18a0000, 0x00000000e19816f0, 0x00000000e19b0000)
  to   space 1088K,   0% used [0x00000000e19b0000, 0x00000000e19b0000, 0x00000000e1ac0000)
 tenured generation   total 21888K, used 15132K [0x00000000eb550000, 0x00000000ecab0000, 0x0000000100000000)
   the space 21888K,  69% used [0x00000000eb550000, 0x00000000ec417320, 0x00000000ec417400, 0x00000000ecab0000)
 Metaspace       used 31090K, capacity 33092K, committed 33280K, reserved 1079296K
  class space    used 3849K, capacity 4289K, committed 4352K, reserved 1048576K
}
Event: 27.247 GC heap before
{Heap before GC invocations=11 (full 1):
 def new generation   total 9920K, used 5362K [0x00000000e1000000, 0x00000000e1ac0000, 0x00000000eb550000)
  eden space 8832K,  50% used [0x00000000e1000000, 0x00000000e145b1f8, 0x00000000e18a0000)
  from space 1088K,  82% used [0x00000000e18a0000, 0x00000000e19816f0, 0x00000000e19b0000)
  to   space 1088K,   0% used [0x00000000e19b0000, 0x00000000e19b0000, 0x00000000e1ac0000)
 tenured generation   total 21888K, used 15132K [0x00000000eb550000, 0x00000000ecab0000, 0x0000000100000000)
   the space 21888K,  69% used [0x00000000eb550000, 0x00000000ec417320, 0x00000000ec417400, 0x00000000ecab0000)
 Metaspace       used 32964K, capacity 35318K, committed 35456K, reserved 1079296K
  class space    used 4165K, capacity 4626K, committed 4736K, reserved 1048576K
}
Event: 27.345 GC heap after
{Heap after GC invocations=12 (full 2):
 def new generation   total 11904K, used 0K [0x00000000e1000000, 0x00000000e1ce0000, 0x00000000eb550000)
  eden space 10624K,   0% used [0x00000000e1000000, 0x00000000e1000000, 0x00000000e1a60000)
  from space 1280K,   0% used [0x00000000e1a60000, 0x00000000e1a60000, 0x00000000e1ba0000)
  to   space 1280K,   0% used [0x00000000e1ba0000, 0x00000000e1ba0000, 0x00000000e1ce0000)
 tenured generation   total 26328K, used 15795K [0x00000000eb550000, 0x00000000ecf06000, 0x0000000100000000)
   the space 26328K,  59% used [0x00000000eb550000, 0x00000000ec4bcd98, 0x00000000ec4bce00, 0x00000000ecf06000)
 Metaspace       used 32964K, capacity 35318K, committed 35456K, reserved 1079296K
  class space    used 4165K, capacity 4626K, committed 4736K, reserved 1048576K
}
Event: 29.010 GC heap before
{Heap before GC invocations=12 (full 2):
 def new generation   total 11904K, used 9580K [0x00000000e1000000, 0x00000000e1ce0000, 0x00000000eb550000)
  eden space 10624K,  90% used [0x00000000e1000000, 0x00000000e195b0e8, 0x00000000e1a60000)
  from space 1280K,   0% used [0x00000000e1a60000, 0x00000000e1a60000, 0x00000000e1ba0000)
  to   space 1280K,   0% used [0x00000000e1ba0000, 0x00000000e1ba0000, 0x00000000e1ce0000)
 tenured generation   total 26328K, used 15795K [0x00000000eb550000, 0x00000000ecf06000, 0x0000000100000000)
   the space 26328K,  59% used [0x00000000eb550000, 0x00000000ec4bcd98, 0x00000000ec4bce00, 0x00000000ecf06000)
 Metaspace       used 36268K, capacity 39994K, committed 40320K, reserved 1083392K
  class space    used 4755K, capacity 5394K, committed 5504K, reserved 1048576K
}
Event: 29.029 GC heap after
{Heap after GC invocations=13 (full 2):
 def new generation   total 11904K, used 1280K [0x00000000e1000000, 0x00000000e1ce0000, 0x00000000eb550000)
  eden space 10624K,   0% used [0x00000000e1000000, 0x00000000e1000000, 0x00000000e1a60000)
  from space 1280K, 100% used [0x00000000e1ba0000, 0x00000000e1ce0000, 0x00000000e1ce0000)
  to   space 1280K,   0% used [0x00000000e1a60000, 0x00000000e1a60000, 0x00000000e1ba0000)
 tenured generation   total 26328K, used 16671K [0x00000000eb550000, 0x00000000ecf06000, 0x0000000100000000)
   the space 26328K,  63% used [0x00000000eb550000, 0x00000000ec597e68, 0x00000000ec598000, 0x00000000ecf06000)
 Metaspace       used 36268K, capacity 39994K, committed 40320K, reserved 1083392K
  class space    used 4755K, capacity 5394K, committed 5504K, reserved 1048576K
}
Event: 29.167 GC heap before
{Heap before GC invocations=13 (full 2):
 def new generation   total 11904K, used 11819K [0x00000000e1000000, 0x00000000e1ce0000, 0x00000000eb550000)
  eden space 10624K,  99% used [0x00000000e1000000, 0x00000000e1a4aef0, 0x00000000e1a60000)
  from space 1280K, 100% used [0x00000000e1ba0000, 0x00000000e1ce0000, 0x00000000e1ce0000)
  to   space 1280K,   0% used [0x00000000e1a60000, 0x00000000e1a60000, 0x00000000e1ba0000)
 tenured generation   total 26328K, used 16671K [0x00000000eb550000, 0x00000000ecf06000, 0x0000000100000000)
   the space 26328K,  63% used [0x00000000eb550000, 0x00000000ec597e68, 0x00000000ec598000, 0x00000000ecf06000)
 Metaspace       used 36747K, capacity 40520K, committed 40832K, reserved 1085440K
  class space    used 4814K, capacity 5445K, committed 5504K, reserved 1048576K
}
Event: 29.292 GC heap after
{Heap after GC invocations=14 (full 3):
 def new generation   total 20736K, used 0K [0x00000000e1000000, 0x00000000e2670000, 0x00000000eb550000)
  eden space 18496K,   0% used [0x00000000e1000000, 0x00000000e1000000, 0x00000000e2210000)
  from space 2240K,   0% used [0x00000000e2210000, 0x00000000e2210000, 0x00000000e2440000)
  to   space 2240K,   0% used [0x00000000e2440000, 0x00000000e2440000, 0x00000000e2670000)
 tenured generation   total 45876K, used 27524K [0x00000000eb550000, 0x00000000ee21d000, 0x0000000100000000)
   the space 45876K,  59% used [0x00000000eb550000, 0x00000000ed031118, 0x00000000ed031200, 0x00000000ee21d000)
 Metaspace       used 36747K, capacity 40520K, committed 40832K, reserved 1085440K
  class space    used 4814K, capacity 5445K, committed 5504K, reserved 1048576K
}

